ARM GAS  /tmp/ccudUZG9.s 			page 1


   1              		.cpu cortex-m4
   2              		.eabi_attribute 27, 1
   3              		.eabi_attribute 28, 1
   4              		.eabi_attribute 20, 1
   5              		.eabi_attribute 21, 1
   6              		.eabi_attribute 23, 3
   7              		.eabi_attribute 24, 1
   8              		.eabi_attribute 25, 1
   9              		.eabi_attribute 26, 1
  10              		.eabi_attribute 30, 1
  11              		.eabi_attribute 34, 1
  12              		.eabi_attribute 18, 4
  13              		.file	"main.c"
  14              		.text
  15              	.Ltext0:
  16              		.cfi_sections	.debug_frame
  17              		.section	.text.delay,"ax",%progbits
  18              		.align	1
  19              		.global	delay
  20              		.arch armv7e-m
  21              		.syntax unified
  22              		.thumb
  23              		.thumb_func
  24              		.fpu fpv4-sp-d16
  26              	delay:
  27              	.LVL0:
  28              	.LFB130:
  29              		.file 1 "main.c"
   1:main.c        **** 
   2:main.c        **** #include "stm32f303xe.h"
   3:main.c        **** 
   4:main.c        **** void __attribute__((optimize("O0"))) delay (uint32_t time)
   5:main.c        **** {
  30              		.loc 1 5 1 view -0
  31              		.cfi_startproc
  32              		@ args = 0, pretend = 0, frame = 8
  33              		@ frame_needed = 1, uses_anonymous_args = 0
  34              		@ link register save eliminated.
  35              		.loc 1 5 1 is_stmt 0 view .LVU1
  36 0000 80B4     		push	{r7}
  37              	.LCFI0:
  38              		.cfi_def_cfa_offset 4
  39              		.cfi_offset 7, -4
  40 0002 83B0     		sub	sp, sp, #12
  41              	.LCFI1:
  42              		.cfi_def_cfa_offset 16
  43 0004 00AF     		add	r7, sp, #0
  44              	.LCFI2:
  45              		.cfi_def_cfa_register 7
  46 0006 7860     		str	r0, [r7, #4]
   6:main.c        ****     static uint32_t i;
  47              		.loc 1 6 5 is_stmt 1 view .LVU2
   7:main.c        ****     for (i=0; i<time; i++) {}
  48              		.loc 1 7 5 view .LVU3
  49              		.loc 1 7 11 is_stmt 0 view .LVU4
  50 0008 094B     		ldr	r3, .L4
  51 000a 0022     		movs	r2, #0
ARM GAS  /tmp/ccudUZG9.s 			page 2


  52 000c 1A60     		str	r2, [r3]
  53              		.loc 1 7 5 view .LVU5
  54 000e 04E0     		b	.L2
  55              	.L3:
  56              		.loc 1 7 29 is_stmt 1 discriminator 3 view .LVU6
  57              		.loc 1 7 24 is_stmt 0 discriminator 3 view .LVU7
  58 0010 074B     		ldr	r3, .L4
  59 0012 1B68     		ldr	r3, [r3]
  60 0014 0133     		adds	r3, r3, #1
  61 0016 064A     		ldr	r2, .L4
  62 0018 1360     		str	r3, [r2]
  63              	.L2:
  64              		.loc 1 7 16 discriminator 1 view .LVU8
  65 001a 054B     		ldr	r3, .L4
  66 001c 1B68     		ldr	r3, [r3]
  67              		.loc 1 7 5 discriminator 1 view .LVU9
  68 001e 7A68     		ldr	r2, [r7, #4]
  69 0020 9A42     		cmp	r2, r3
  70 0022 F5D8     		bhi	.L3
   8:main.c        **** }
  71              		.loc 1 8 1 view .LVU10
  72 0024 00BF     		nop
  73 0026 0C37     		adds	r7, r7, #12
  74              	.LCFI3:
  75              		.cfi_def_cfa_offset 4
  76 0028 BD46     		mov	sp, r7
  77              	.LCFI4:
  78              		.cfi_def_cfa_register 13
  79              		@ sp needed
  80 002a 5DF8047B 		ldr	r7, [sp], #4
  81              	.LCFI5:
  82              		.cfi_restore 7
  83              		.cfi_def_cfa_offset 0
  84 002e 7047     		bx	lr
  85              	.L5:
  86              		.align	2
  87              	.L4:
  88 0030 00000000 		.word	i.6849
  89              		.cfi_endproc
  90              	.LFE130:
  92              		.section	.text.main,"ax",%progbits
  93              		.align	1
  94              		.global	main
  95              		.syntax unified
  96              		.thumb
  97              		.thumb_func
  98              		.fpu fpv4-sp-d16
 100              	main:
 101              	.LFB131:
   9:main.c        **** 
  10:main.c        **** int main (void)
  11:main.c        **** {
 102              		.loc 1 11 1 is_stmt 1 view -0
 103              		.cfi_startproc
 104              		@ Volatile: function does not return.
 105              		@ args = 0, pretend = 0, frame = 0
 106              		@ frame_needed = 0, uses_anonymous_args = 0
ARM GAS  /tmp/ccudUZG9.s 			page 3


 107 0000 08B5     		push	{r3, lr}
 108              	.LCFI6:
 109              		.cfi_def_cfa_offset 8
 110              		.cfi_offset 3, -8
 111              		.cfi_offset 14, -4
  12:main.c        **** 
  13:main.c        ****     RCC->AHBENR     |= RCC_AHBENR_GPIOBEN; //RCC ON
 112              		.loc 1 13 5 view .LVU12
 113              		.loc 1 13 21 is_stmt 0 view .LVU13
 114 0002 0B4A     		ldr	r2, .L9
 115 0004 5369     		ldr	r3, [r2, #20]
 116 0006 43F48023 		orr	r3, r3, #262144
 117 000a 5361     		str	r3, [r2, #20]
  14:main.c        **** 
  15:main.c        ****     GPIOB->MODER    |= GPIO_MODER_MODER7_0; //mode out
 118              		.loc 1 15 5 is_stmt 1 view .LVU14
 119              		.loc 1 15 21 is_stmt 0 view .LVU15
 120 000c 094B     		ldr	r3, .L9+4
 121 000e 1A68     		ldr	r2, [r3]
 122 0010 42F48042 		orr	r2, r2, #16384
 123 0014 1A60     		str	r2, [r3]
  16:main.c        ****     GPIOB->OTYPER   = 0;
 124              		.loc 1 16 5 is_stmt 1 view .LVU16
 125              		.loc 1 16 21 is_stmt 0 view .LVU17
 126 0016 0022     		movs	r2, #0
 127 0018 5A60     		str	r2, [r3, #4]
  17:main.c        ****     GPIOB->OSPEEDR  = 0;
 128              		.loc 1 17 5 is_stmt 1 view .LVU18
 129              		.loc 1 17 21 is_stmt 0 view .LVU19
 130 001a 9A60     		str	r2, [r3, #8]
 131              	.L7:
  18:main.c        **** 
  19:main.c        ****     while (1)
 132              		.loc 1 19 5 is_stmt 1 discriminator 1 view .LVU20
  20:main.c        ****     {
  21:main.c        ****         delay(100000);
 133              		.loc 1 21 9 discriminator 1 view .LVU21
 134 001c 0648     		ldr	r0, .L9+8
 135 001e FFF7FEFF 		bl	delay
 136              	.LVL1:
  22:main.c        ****         GPIOB->ODR ^=   GPIO_ODR_7;
 137              		.loc 1 22 9 discriminator 1 view .LVU22
 138              		.loc 1 22 20 is_stmt 0 discriminator 1 view .LVU23
 139 0022 044A     		ldr	r2, .L9+4
 140 0024 5369     		ldr	r3, [r2, #20]
 141 0026 83F08003 		eor	r3, r3, #128
 142 002a 5361     		str	r3, [r2, #20]
 143 002c F6E7     		b	.L7
 144              	.L10:
 145 002e 00BF     		.align	2
 146              	.L9:
 147 0030 00100240 		.word	1073876992
 148 0034 00040048 		.word	1207960576
 149 0038 A0860100 		.word	100000
 150              		.cfi_endproc
 151              	.LFE131:
 153              		.section	.bss.i.6849,"aw",%nobits
ARM GAS  /tmp/ccudUZG9.s 			page 4


 154              		.align	2
 157              	i.6849:
 158 0000 00000000 		.space	4
 159              		.text
 160              	.Letext0:
 161              		.file 2 "/usr/lib/gcc/arm-none-eabi/8.3.1/include/stdint.h"
 162              		.file 3 "/home/ermolaev/STM32CubeF3/Drivers/CMSIS/Include/core_cm4.h"
 163              		.file 4 "/home/ermolaev/STM32CubeF3/Drivers/CMSIS/Device/ST/STM32F3xx/Include/system_stm32f3xx.h"
 164              		.file 5 "stm32f303xe.h"
ARM GAS  /tmp/ccudUZG9.s 			page 5


DEFINED SYMBOLS
                            *ABS*:0000000000000000 main.c
     /tmp/ccudUZG9.s:18     .text.delay:0000000000000000 $t
     /tmp/ccudUZG9.s:26     .text.delay:0000000000000000 delay
     /tmp/ccudUZG9.s:88     .text.delay:0000000000000030 $d
     /tmp/ccudUZG9.s:157    .bss.i.6849:0000000000000000 i.6849
     /tmp/ccudUZG9.s:93     .text.main:0000000000000000 $t
     /tmp/ccudUZG9.s:100    .text.main:0000000000000000 main
     /tmp/ccudUZG9.s:147    .text.main:0000000000000030 $d
     /tmp/ccudUZG9.s:154    .bss.i.6849:0000000000000000 $d

NO UNDEFINED SYMBOLS
